<?xml version="1.0" encoding="UTF-8"?>
<!-- Generated by org.testng.reporters.JUnitXMLReporter -->
<testsuite ignored="0" hostname="Sathyain" failures="0" tests="4" name="Default test" time="11.436" errors="0" timestamp="2024-11-12T17:46:17 IST">
  <testcase classname="Tests.SeleniumTest" name="ValidateTitles_onlineProducts" time="3.961"/>
  <testcase classname="Tests.SeleniumTest" name="validateFirstFormalshoe" time="0.165"/>
  <testcase classname="Tests.SeleniumTest" name="validateFirstSportsshoe" time="0.457"/>
  <testcase classname="Tests.SeleniumTest" name="validateFirstSneakershoe" time="0.435"/>
</testsuite> <!-- Default test -->
