<?xml version="1.0" encoding="UTF-8"?>
<testng-results ignored="0" total="4" passed="4" failed="0" skipped="0">
  <reporter-output>
  </reporter-output>
  <suite started-at="2024-11-12T17:46:06 IST" name="Default suite" finished-at="2024-11-12T17:46:17 IST" duration-ms="11436">
    <groups>
    </groups>
    <test started-at="2024-11-12T17:46:06 IST" name="Default test" finished-at="2024-11-12T17:46:17 IST" duration-ms="11436">
      <class name="Tests.SeleniumTest">
        <test-method is-config="true" signature="setup()[pri:0, instance:Tests.SeleniumTest@13526e59]" started-at="2024-11-12T17:46:06 IST" name="setup" finished-at="2024-11-12T17:46:10 IST" duration-ms="4364" status="PASS">
          <reporter-output>
          </reporter-output>
        </test-method> <!-- setup -->
        <test-method signature="ValidateTitles_onlineProducts()[pri:1, instance:Tests.SeleniumTest@13526e59]" started-at="2024-11-12T17:46:10 IST" name="ValidateTitles_onlineProducts" finished-at="2024-11-12T17:46:14 IST" duration-ms="3961" status="PASS">
          <reporter-output>
          </reporter-output>
        </test-method> <!-- ValidateTitles_onlineProducts -->
        <test-method signature="validateFirstFormalshoe()[pri:2, instance:Tests.SeleniumTest@13526e59]" started-at="2024-11-12T17:46:14 IST" name="validateFirstFormalshoe" finished-at="2024-11-12T17:46:14 IST" duration-ms="165" status="PASS">
          <reporter-output>
          </reporter-output>
        </test-method> <!-- validateFirstFormalshoe -->
        <test-method signature="validateFirstSportsshoe()[pri:3, instance:Tests.SeleniumTest@13526e59]" started-at="2024-11-12T17:46:14 IST" name="validateFirstSportsshoe" finished-at="2024-11-12T17:46:15 IST" duration-ms="457" status="PASS">
          <reporter-output>
          </reporter-output>
        </test-method> <!-- validateFirstSportsshoe -->
        <test-method signature="validateFirstSneakershoe()[pri:4, instance:Tests.SeleniumTest@13526e59]" started-at="2024-11-12T17:46:15 IST" name="validateFirstSneakershoe" finished-at="2024-11-12T17:46:15 IST" duration-ms="435" status="PASS">
          <reporter-output>
          </reporter-output>
        </test-method> <!-- validateFirstSneakershoe -->
        <test-method is-config="true" signature="teardown()[pri:0, instance:Tests.SeleniumTest@13526e59]" started-at="2024-11-12T17:46:15 IST" name="teardown" finished-at="2024-11-12T17:46:17 IST" duration-ms="1935" status="PASS">
          <reporter-output>
          </reporter-output>
        </test-method> <!-- teardown -->
      </class> <!-- Tests.SeleniumTest -->
    </test> <!-- Default test -->
  </suite> <!-- Default suite -->
</testng-results>
